20220513 11:30:42 INFO  [main] ims.IMS IMS.java40 - Welcome to the Inventory Management System!
20220513 11:30:42 INFO  [main] ims.IMS IMS.java45 - Which entity would you like to use?
20220513 11:30:42 INFO  [main] domain.Domain Domain.java27 - CUSTOMER: Information about customers
20220513 11:30:42 INFO  [main] domain.Domain Domain.java27 - ITEM: Individual Items
20220513 11:30:42 INFO  [main] domain.Domain Domain.java27 - ORDER: Purchases of items
20220513 11:30:42 INFO  [main] domain.Domain Domain.java27 - STOP: To close the application
20220513 11:30:55 INFO  [main] ims.IMS IMS.java76 - What would you like to do with customer:
20220513 11:30:55 INFO  [main] controller.Action Action.java38 - CREATE: To save a new entity into the database
20220513 11:30:55 INFO  [main] controller.Action Action.java38 - READ: To read an entity from the database
20220513 11:30:55 INFO  [main] controller.Action Action.java38 - UPDATE: To change an entity already in the database
20220513 11:30:55 INFO  [main] controller.Action Action.java38 - DELETE: To remove an entity from the database
20220513 11:30:55 INFO  [main] controller.Action Action.java38 - RETURN: To return to domain selection
20220513 11:30:58 INFO  [main] controller.CustomerController CustomerController.java36 - id:1 forename:Rowan surname:Baker
20220513 11:30:58 INFO  [main] ims.IMS IMS.java76 - What would you like to do with customer:
20220513 11:30:58 INFO  [main] controller.Action Action.java38 - CREATE: To save a new entity into the database
20220513 11:30:58 INFO  [main] controller.Action Action.java38 - READ: To read an entity from the database
20220513 11:30:58 INFO  [main] controller.Action Action.java38 - UPDATE: To change an entity already in the database
20220513 11:30:58 INFO  [main] controller.Action Action.java38 - DELETE: To remove an entity from the database
20220513 11:30:58 INFO  [main] controller.Action Action.java38 - RETURN: To return to domain selection
20220513 11:31:09 INFO  [main] controller.CustomerController CustomerController.java46 - Please enter a first name
20220513 11:31:18 INFO  [main] controller.CustomerController CustomerController.java48 - Please enter a surname
20220513 11:31:19 INFO  [main] controller.CustomerController CustomerController.java51 - Customer created
20220513 11:31:19 INFO  [main] ims.IMS IMS.java76 - What would you like to do with customer:
20220513 11:31:19 INFO  [main] controller.Action Action.java38 - CREATE: To save a new entity into the database
20220513 11:31:19 INFO  [main] controller.Action Action.java38 - READ: To read an entity from the database
20220513 11:31:19 INFO  [main] controller.Action Action.java38 - UPDATE: To change an entity already in the database
20220513 11:31:19 INFO  [main] controller.Action Action.java38 - DELETE: To remove an entity from the database
20220513 11:31:19 INFO  [main] controller.Action Action.java38 - RETURN: To return to domain selection
20220513 11:31:21 INFO  [main] controller.CustomerController CustomerController.java36 - id:1 forename:Rowan surname:Baker
20220513 11:31:21 INFO  [main] controller.CustomerController CustomerController.java36 - id:2 forename:gh surname:hghtgrf
20220513 11:31:21 INFO  [main] ims.IMS IMS.java76 - What would you like to do with customer:
20220513 11:31:21 INFO  [main] controller.Action Action.java38 - CREATE: To save a new entity into the database
20220513 11:31:21 INFO  [main] controller.Action Action.java38 - READ: To read an entity from the database
20220513 11:31:21 INFO  [main] controller.Action Action.java38 - UPDATE: To change an entity already in the database
20220513 11:31:21 INFO  [main] controller.Action Action.java38 - DELETE: To remove an entity from the database
20220513 11:31:21 INFO  [main] controller.Action Action.java38 - RETURN: To return to domain selection
20220513 11:31:35 INFO  [main] ims.IMS IMS.java45 - Which entity would you like to use?
20220513 11:31:35 INFO  [main] domain.Domain Domain.java27 - CUSTOMER: Information about customers
20220513 11:31:35 INFO  [main] domain.Domain Domain.java27 - ITEM: Individual Items
20220513 11:31:35 INFO  [main] domain.Domain Domain.java27 - ORDER: Purchases of items
20220513 11:31:35 INFO  [main] domain.Domain Domain.java27 - STOP: To close the application
20220513 11:31:37 INFO  [main] ims.IMS IMS.java76 - What would you like to do with order:
20220513 11:31:37 INFO  [main] controller.Action Action.java38 - CREATE: To save a new entity into the database
20220513 11:31:37 INFO  [main] controller.Action Action.java38 - READ: To read an entity from the database
20220513 11:31:37 INFO  [main] controller.Action Action.java38 - UPDATE: To change an entity already in the database
20220513 11:31:37 INFO  [main] controller.Action Action.java38 - DELETE: To remove an entity from the database
20220513 11:31:37 INFO  [main] controller.Action Action.java38 - RETURN: To return to domain selection
20220513 11:31:39 INFO  [main] controller.OrderController OrderController.java32 - Order [orderID=1, customerID=1, items=[Item [id=1, item name=pliers, item price= £3.99], Item [id=1, item name=pliers, item price= £3.99]]]
 OrderTotal = £7.98
20220513 11:31:39 INFO  [main] ims.IMS IMS.java76 - What would you like to do with order:
20220513 11:31:39 INFO  [main] controller.Action Action.java38 - CREATE: To save a new entity into the database
20220513 11:31:39 INFO  [main] controller.Action Action.java38 - READ: To read an entity from the database
20220513 11:31:39 INFO  [main] controller.Action Action.java38 - UPDATE: To change an entity already in the database
20220513 11:31:39 INFO  [main] controller.Action Action.java38 - DELETE: To remove an entity from the database
20220513 11:31:39 INFO  [main] controller.Action Action.java38 - RETURN: To return to domain selection
20220513 11:32:16 INFO  [main] ims.IMS IMS.java45 - Which entity would you like to use?
20220513 11:32:16 INFO  [main] domain.Domain Domain.java27 - CUSTOMER: Information about customers
20220513 11:32:16 INFO  [main] domain.Domain Domain.java27 - ITEM: Individual Items
20220513 11:32:16 INFO  [main] domain.Domain Domain.java27 - ORDER: Purchases of items
20220513 11:32:16 INFO  [main] domain.Domain Domain.java27 - STOP: To close the application
20220513 11:32:18 INFO  [main] ims.Runner Runner.java13 - SO LONG!
